# JRE version: 7.0_04-b20
# Java VM: Java HotSpot(TM) 64-Bit Server VM (23.0-b21 mixed mode windows-amd64 compressed oops)
Heap
 PSYoungGen      total 76096K, used 21648K [0x00000000ab160000, 0x00000000b0640000, 0x0000000000000000)
  eden space 65280K, 30% used [0x00000000ab160000,0x00000000ac4b80f8,0x00000000af120000)
  from space 10816K, 17% used [0x00000000afbb0000,0x00000000afd7c010,0x00000000b0640000)
  to   space 10816K, 0% used [0x00000000af120000,0x00000000af120000,0x00000000afbb0000)
 ParOldGen       total 173952K, used 24K [0x0000000001400000, 0x000000000bde0000, 0x00000000ab160000)
  object space 173952K, 0% used [0x0000000001400000,0x0000000001406000,0x000000000bde0000)
 PSPermGen       total 21248K, used 11378K [0x00000000fc200000, 0x00000000fd6c0000, 0x0000000001400000)
  object space 21248K, 53% used [0x00000000fc200000,0x00000000fcd1cb50,0x00000000fd6c0000)
GC Heap History (4 events):
Event: 65.665 GC heap before
{Heap before GC invocations=1 (full 0):
 PSYoungGen      total 76096K, used 65280K [0x00000000ab160000, 0x00000000b0640000, 0x0000000000000000)
  eden space 65280K, 100% used [0x00000000ab160000,0x00000000af120000,0x00000000af120000)
  from space 10816K, 0% used [0x00000000afbb0000,0x00000000afbb0000,0x00000000b0640000)
  to   space 10816K, 0% used [0x00000000af120000,0x00000000af120000,0x00000000afbb0000)
 ParOldGen       total 173952K, used 0K [0x0000000001400000, 0x000000000bde0000, 0x00000000ab160000)
  object space 173952K, 0% used [0x0000000001400000,0x0000000001400000,0x000000000bde0000)
 PSPermGen       total 21248K, used 11216K [0x00000000fc200000, 0x00000000fd6c0000, 0x0000000001400000)
  object space 21248K, 52% used [0x00000000fc200000,0x00000000fccf41a8,0x00000000fd6c0000)
Event: 65.671 GC heap after
Heap after GC invocations=1 (full 0):
 PSYoungGen      total 76096K, used 1808K [0x00000000ab160000, 0x00000000b0640000, 0x0000000000000000)
  eden space 65280K, 0% used [0x00000000ab160000,0x00000000ab160000,0x00000000af120000)
  from space 10816K, 16% used [0x00000000af120000,0x00000000af2e4010,0x00000000afbb0000)
  to   space 10816K, 0% used [0x00000000afbb0000,0x00000000afbb0000,0x00000000b0640000)
 ParOldGen       total 173952K, used 16K [0x0000000001400000, 0x000000000bde0000, 0x00000000ab160000)
  object space 173952K, 0% used [0x0000000001400000,0x0000000001404000,0x000000000bde0000)
 PSPermGen       total 21248K, used 11216K [0x00000000fc200000, 0x00000000fd6c0000, 0x0000000001400000)
  object space 21248K, 52% used [0x00000000fc200000,0x00000000fccf41a8,0x00000000fd6c0000)
}
Event: 119.498 GC heap before
{Heap before GC invocations=2 (full 0):
 PSYoungGen      total 76096K, used 67088K [0x00000000ab160000, 0x00000000b0640000, 0x0000000000000000)
  eden space 65280K, 100% used [0x00000000ab160000,0x00000000af120000,0x00000000af120000)
  from space 10816K, 16% used [0x00000000af120000,0x00000000af2e4010,0x00000000afbb0000)
  to   space 10816K, 0% used [0x00000000afbb0000,0x00000000afbb0000,0x00000000b0640000)
 ParOldGen       total 173952K, used 16K [0x0000000001400000, 0x000000000bde0000, 0x00000000ab160000)
  object space 173952K, 0% used [0x0000000001400000,0x0000000001404000,0x000000000bde0000)
 PSPermGen       total 21248K, used 11355K [0x00000000fc200000, 0x00000000fd6c0000, 0x0000000001400000)
  object space 21248K, 53% used [0x00000000fc200000,0x00000000fcd16e10,0x00000000fd6c0000)
Event: 119.503 GC heap after
Heap after GC invocations=2 (full 0):
 PSYoungGen      total 76096K, used 1840K [0x00000000ab160000, 0x00000000b0640000, 0x0000000000000000)
  eden space 65280K, 0% used [0x00000000ab160000,0x00000000ab160000,0x00000000af120000)
  from space 10816K, 17% used [0x00000000afbb0000,0x00000000afd7c010,0x00000000b0640000)
  to   space 10816K, 0% used [0x00000000af120000,0x00000000af120000,0x00000000afbb0000)
 ParOldGen       total 173952K, used 24K [0x0000000001400000, 0x000000000bde0000, 0x00000000ab160000)
  object space 173952K, 0% used [0x0000000001400000,0x0000000001406000,0x000000000bde0000)
 PSPermGen       total 21248K, used 11355K [0x00000000fc200000, 0x00000000fd6c0000, 0x0000000001400000)
  object space 21248K, 53% used [0x00000000fc200000,0x00000000fcd16e10,0x00000000fd6c0000)
}

